<?xml version="1.0" encoding="UTF-8"?>
<!-- Generated by org.testng.reporters.JUnitReportReporter -->
<testsuite skipped="0" hostname="LAPTOP-0MS6PK6F" name="org.com.SearchBox" tests="7" failures="0" timestamp="10 Feb 2022 10:30:21 GMT" time="122.856" errors="0">
  <testcase name="tc01" time="27.292" classname="org.com.SearchBox"/>
  <testcase name="tc01" time="15.024" classname="org.com.SearchBox"/>
  <testcase name="tc01" time="13.835" classname="org.com.SearchBox"/>
  <testcase name="tc01" time="11.038" classname="org.com.SearchBox"/>
  <testcase name="tc01" time="21.216" classname="org.com.SearchBox"/>
  <testcase name="tc01" time="12.488" classname="org.com.SearchBox"/>
  <testcase name="tc01" time="21.963" classname="org.com.SearchBox"/>
</testsuite> <!-- org.com.SearchBox -->
